<?xml version="1.0" encoding="utf-8"?><testsuites><testsuite time="0" tests="4" skipped="0" errors="4" failures="0" package="net.csslint" name="/home/josh/Documents/Development/project-llama/test/fixtures/invalid.css"><testcase time="0" name="net.csslint.Disallow@import"><error message="@import prevents parallel downloads, use &lt;link&gt; instead."><![CDATA[1:1:@import 'external.css';]]></error></testcase><testcase time="0" name="net.csslint.DisallowIDsinselectors"><error message="Don't use IDs in selectors."><![CDATA[3:1:#abc { font-size: 12p; }]]></error></testcase><testcase time="0" name="net.csslint.ParsingErrors"><error message="Unexpected token '12p' at line 3, col 19."><![CDATA[3:19:#abc { font-size: 12p; }]]></error></testcase><testcase time="0" name="net.csslint.Disallowemptyrules"><error message="Rule is empty."><![CDATA[3:1:#abc { font-size: 12p; }]]></error></testcase></testsuite><testsuite time="0" tests="2" skipped="0" errors="2" failures="0" package="net.csslint" name="/home/josh/Documents/Development/project-llama/test/fixtures/warning.css"><testcase time="0" name="net.csslint.Disallowuniversalselector"><error message="The universal selector (*) is known to be slow."><![CDATA[1:1:* {}]]></error></testcase><testcase time="0" name="net.csslint.Disallowemptyrules"><error message="Rule is empty."><![CDATA[1:1:* {}]]></error></testcase></testsuite></testsuites>